<?xml version="1.0" encoding="UTF-8"?>
<testng-results ignored="0" total="2" passed="2" failed="0" skipped="0">
  <reporter-output>
  </reporter-output>
  <suite started-at="2025-06-30T20:02:53 IST" name="Suite" finished-at="2025-06-30T20:05:00 IST" duration-ms="126520">
    <groups>
    </groups>
    <test started-at="2025-06-30T20:02:53 IST" name="Test" finished-at="2025-06-30T20:05:00 IST" duration-ms="126520">
      <class name="Testclasses.Homepage">
        <test-method signature="verifyhomepage()[pri:0, instance:Testclasses.Homepage@130161f7]" started-at="2025-06-30T20:02:54 IST" name="verifyhomepage" finished-at="2025-06-30T20:03:52 IST" duration-ms="57948" status="PASS">
          <reporter-output>
          </reporter-output>
        </test-method> <!-- verifyhomepage -->
      </class> <!-- Testclasses.Homepage -->
      <class name="Testclasses.Aboutus">
        <test-method signature="verifyhomepage()[pri:0, instance:Testclasses.Aboutus@291ae]" started-at="2025-06-30T20:03:52 IST" name="verifyhomepage" finished-at="2025-06-30T20:05:00 IST" duration-ms="68036" status="PASS">
          <reporter-output>
          </reporter-output>
        </test-method> <!-- verifyhomepage -->
      </class> <!-- Testclasses.Aboutus -->
    </test> <!-- Test -->
  </suite> <!-- Suite -->
</testng-results>
