<?xml version="1.0" encoding="UTF-8"?>
<testng-results ignored="0" total="2" passed="2" failed="0" skipped="0">
  <reporter-output>
  </reporter-output>
  <suite started-at="2025-06-30T19:43:15 IST" name="Suite" finished-at="2025-06-30T19:44:34 IST" duration-ms="78427">
    <groups>
    </groups>
    <test started-at="2025-06-30T19:43:15 IST" name="Test" finished-at="2025-06-30T19:44:34 IST" duration-ms="78427">
      <class name="Testclasses.Homepage">
        <test-method signature="verifyhomepage()[pri:0, instance:Testclasses.Homepage@6302bbb1]" started-at="2025-06-30T19:43:15 IST" name="verifyhomepage" finished-at="2025-06-30T19:43:46 IST" duration-ms="30277" status="PASS">
          <reporter-output>
          </reporter-output>
        </test-method> <!-- verifyhomepage -->
      </class> <!-- Testclasses.Homepage -->
      <class name="Testclasses.Aboutus">
        <test-method signature="verifyhomepage()[pri:0, instance:Testclasses.Aboutus@7cc0cdad]" started-at="2025-06-30T19:43:46 IST" name="verifyhomepage" finished-at="2025-06-30T19:44:34 IST" duration-ms="48021" status="PASS">
          <reporter-output>
          </reporter-output>
        </test-method> <!-- verifyhomepage -->
      </class> <!-- Testclasses.Aboutus -->
    </test> <!-- Test -->
  </suite> <!-- Suite -->
</testng-results>
